# JRE version: Java(TM) SE Runtime Environment (8.0_111-b14) (build 1.8.0_111-b14)
# Java VM: Java HotSpot(TM) Client VM (25.111-b14 mixed mode windows-x86 )
Heap:
 def new generation   total 32704K, used 27806K [0x04800000, 0x06b70000, 0x09d50000)
  eden space 29120K,  95% used [0x04800000, 0x06327a70, 0x06470000)
  from space 3584K,   0% used [0x06470000, 0x06470000, 0x067f0000)
  to   space 3584K,   0% used [0x067f0000, 0x067f0000, 0x06b70000)
 tenured generation   total 72496K, used 43497K [0x09d50000, 0x0e41c000, 0x14800000)
   the space 72496K,  59% used [0x09d50000, 0x0c7ca470, 0x0c7ca600, 0x0e41c000)
 Metaspace       used 12753K, capacity 13179K, committed 13184K, reserved 13696K
GC Heap History (10 events):
Event: 2.046 GC heap before
{Heap before GC invocations=20 (full 8):
 def new generation   total 22784K, used 11210K [0x04800000, 0x060b0000, 0x09d50000)
  eden space 20288K,  55% used [0x04800000, 0x052f0460, 0x05bd0000)
  from space 2496K,   0% used [0x05bd0000, 0x05bd25a8, 0x05e40000)
  to   space 2496K,   0% used [0x05e40000, 0x05e40000, 0x060b0000)
 tenured generation   total 50468K, used 41078K [0x09d50000, 0x0ce99000, 0x14800000)
   the space 50468K,  81% used [0x09d50000, 0x0c56da30, 0x0c56dc00, 0x0ce99000)
 Metaspace       used 11452K, capacity 11794K, committed 11904K, reserved 12672K
Event: 2.060 GC heap after
Heap after GC invocations=21 (full 9):
 def new generation   total 22784K, used 0K [0x04800000, 0x060b0000, 0x09d50000)
  eden space 20288K,   0% used [0x04800000, 0x04800000, 0x05bd0000)
  from space 2496K,   0% used [0x05e40000, 0x05e40000, 0x060b0000)
  to   space 2496K,   0% used [0x05bd0000, 0x05bd0000, 0x05e40000)
 tenured generation   total 50468K, used 30196K [0x09d50000, 0x0ce99000, 0x14800000)
   the space 50468K,  59% used [0x09d50000, 0x0bacd238, 0x0bacd400, 0x0ce99000)
 Metaspace       used 11452K, capacity 11794K, committed 11904K, reserved 12672K
}
Event: 2.068 GC heap before
{Heap before GC invocations=21 (full 9):
 def new generation   total 22784K, used 11197K [0x04800000, 0x060b0000, 0x09d50000)
  eden space 20288K,  55% used [0x04800000, 0x052ef6a8, 0x05bd0000)
  from space 2496K,   0% used [0x05e40000, 0x05e40000, 0x060b0000)
  to   space 2496K,   0% used [0x05bd0000, 0x05bd0000, 0x05e40000)
 tenured generation   total 50468K, used 30196K [0x09d50000, 0x0ce99000, 0x14800000)
   the space 50468K,  59% used [0x09d50000, 0x0bacd238, 0x0bacd400, 0x0ce99000)
 Metaspace       used 11452K, capacity 11794K, committed 11904K, reserved 12672K
Event: 2.070 GC heap after
Heap after GC invocations=22 (full 9):
 def new generation   total 22784K, used 2K [0x04800000, 0x060b0000, 0x09d50000)
  eden space 20288K,   0% used [0x04800000, 0x04800000, 0x05bd0000)
  from space 2496K,   0% used [0x05bd0000, 0x05bd0918, 0x05e40000)
  to   space 2496K,   0% used [0x05e40000, 0x05e40000, 0x060b0000)
 tenured generation   total 50468K, used 40996K [0x09d50000, 0x0ce99000, 0x14800000)
   the space 50468K,  81% used [0x09d50000, 0x0c559248, 0x0c559400, 0x0ce99000)
 Metaspace       used 11452K, capacity 11794K, committed 11904K, reserved 12672K
}
Event: 3.007 GC heap before
{Heap before GC invocations=22 (full 9):
 def new generation   total 22784K, used 17488K [0x04800000, 0x060b0000, 0x09d50000)
  eden space 20288K,  86% used [0x04800000, 0x059137e8, 0x05bd0000)
  from space 2496K,   0% used [0x05bd0000, 0x05bd0918, 0x05e40000)
  to   space 2496K,   0% used [0x05e40000, 0x05e40000, 0x060b0000)
 tenured generation   total 50468K, used 40996K [0x09d50000, 0x0ce99000, 0x14800000)
   the space 50468K,  81% used [0x09d50000, 0x0c559248, 0x0c559400, 0x0ce99000)
 Metaspace       used 11453K, capacity 11796K, committed 11904K, reserved 12672K
Event: 3.008 GC heap after
Heap after GC invocations=23 (full 9):
 def new generation   total 22784K, used 93K [0x04800000, 0x060b0000, 0x09d50000)
  eden space 20288K,   0% used [0x04800000, 0x04800000, 0x05bd0000)
  from space 2496K,   3% used [0x05e40000, 0x05e577b8, 0x060b0000)
  to   space 2496K,   0% used [0x05bd0000, 0x05bd0000, 0x05e40000)
 tenured generation   total 50468K, used 43696K [0x09d50000, 0x0ce99000, 0x14800000)
   the space 50468K,  86% used [0x09d50000, 0x0c7fc258, 0x0c7fc400, 0x0ce99000)
 Metaspace       used 11453K, capacity 11796K, committed 11904K, reserved 12672K
}
Event: 3.160 GC heap before
{Heap before GC invocations=23 (full 9):
 def new generation   total 22784K, used 17067K [0x04800000, 0x060b0000, 0x09d50000)
  eden space 20288K,  83% used [0x04800000, 0x05893820, 0x05bd0000)
  from space 2496K,   3% used [0x05e40000, 0x05e577b8, 0x060b0000)
  to   space 2496K,   0% used [0x05bd0000, 0x05bd0000, 0x05e40000)
 tenured generation   total 50468K, used 43696K [0x09d50000, 0x0ce99000, 0x14800000)
   the space 50468K,  86% used [0x09d50000, 0x0c7fc258, 0x0c7fc400, 0x0ce99000)
 Metaspace       used 11759K, capacity 12112K, committed 12160K, reserved 12672K
Event: 3.162 GC heap after
Heap after GC invocations=24 (full 9):
 def new generation   total 22784K, used 311K [0x04800000, 0x060b0000, 0x09d50000)
  eden space 20288K,   0% used [0x04800000, 0x04800000, 0x05bd0000)
  from space 2496K,  12% used [0x05bd0000, 0x05c1dc90, 0x05e40000)
  to   space 2496K,   0% used [0x05e40000, 0x05e40000, 0x060b0000)
 tenured generation   total 50468K, used 47296K [0x09d50000, 0x0ce99000, 0x14800000)
   the space 50468K,  93% used [0x09d50000, 0x0cb80268, 0x0cb80400, 0x0ce99000)
 Metaspace       used 11759K, capacity 12112K, committed 12160K, reserved 12672K
}
Event: 12.934 GC heap before
{Heap before GC invocations=24 (full 9):
 def new generation   total 22784K, used 17764K [0x04800000, 0x060b0000, 0x09d50000)
  eden space 20288K,  86% used [0x04800000, 0x0590b5e8, 0x05bd0000)
  from space 2496K,  12% used [0x05bd0000, 0x05c1dc90, 0x05e40000)
  to   space 2496K,   0% used [0x05e40000, 0x05e40000, 0x060b0000)
 tenured generation   total 50468K, used 47296K [0x09d50000, 0x0ce99000, 0x14800000)
   the space 50468K,  93% used [0x09d50000, 0x0cb80268, 0x0cb80400, 0x0ce99000)
 Metaspace       used 12736K, capacity 13111K, committed 13184K, reserved 13696K
Event: 12.950 GC heap after
Heap after GC invocations=25 (full 10):
 def new generation   total 32704K, used 0K [0x04800000, 0x06b70000, 0x09d50000)
  eden space 29120K,   0% used [0x04800000, 0x04800000, 0x06470000)
  from space 3584K,   0% used [0x06470000, 0x06470000, 0x067f0000)
  to   space 3584K,   0% used [0x067f0000, 0x067f0000, 0x06b70000)
 tenured generation   total 72496K, used 43497K [0x09d50000, 0x0e41c000, 0x14800000)
   the space 72496K,  59% used [0x09d50000, 0x0c7ca470, 0x0c7ca600, 0x0e41c000)
 Metaspace       used 12736K, capacity 13111K, committed 13184K, reserved 13696K
}

