# JRE version: Java(TM) SE Runtime Environment (8.0_111-b14) (build 1.8.0_111-b14)
# Java VM: Java HotSpot(TM) Client VM (25.111-b14 mixed mode windows-x86 )
Heap:
 def new generation   total 32704K, used 27684K [0x04e00000, 0x07170000, 0x0a350000)
  eden space 29120K,  95% used [0x04e00000, 0x069092f0, 0x06a70000)
  from space 3584K,   0% used [0x06a70000, 0x06a70000, 0x06df0000)
  to   space 3584K,   0% used [0x06df0000, 0x06df0000, 0x07170000)
 tenured generation   total 72460K, used 43474K [0x0a350000, 0x0ea13000, 0x14e00000)
   the space 72460K,  59% used [0x0a350000, 0x0cdc4818, 0x0cdc4a00, 0x0ea13000)
 Metaspace       used 12759K, capacity 13211K, committed 13312K, reserved 13696K
GC Heap History (10 events):
Event: 2.460 GC heap before
{Heap before GC invocations=20 (full 8):
 def new generation   total 22784K, used 11210K [0x04e00000, 0x066b0000, 0x0a350000)
  eden space 20288K,  55% used [0x04e00000, 0x058f02e8, 0x061d0000)
  from space 2496K,   0% used [0x061d0000, 0x061d25a8, 0x06440000)
  to   space 2496K,   0% used [0x06440000, 0x06440000, 0x066b0000)
 tenured generation   total 50464K, used 41077K [0x0a350000, 0x0d498000, 0x14e00000)
   the space 50464K,  81% used [0x0a350000, 0x0cb6d738, 0x0cb6d800, 0x0d498000)
 Metaspace       used 11457K, capacity 11826K, committed 11904K, reserved 12672K
Event: 2.474 GC heap after
Heap after GC invocations=21 (full 9):
 def new generation   total 22784K, used 0K [0x04e00000, 0x066b0000, 0x0a350000)
  eden space 20288K,   0% used [0x04e00000, 0x04e00000, 0x061d0000)
  from space 2496K,   0% used [0x06440000, 0x06440000, 0x066b0000)
  to   space 2496K,   0% used [0x061d0000, 0x061d0000, 0x06440000)
 tenured generation   total 50464K, used 30195K [0x0a350000, 0x0d498000, 0x14e00000)
   the space 50464K,  59% used [0x0a350000, 0x0c0cceb0, 0x0c0cd000, 0x0d498000)
 Metaspace       used 11457K, capacity 11826K, committed 11904K, reserved 12672K
}
Event: 2.482 GC heap before
{Heap before GC invocations=21 (full 9):
 def new generation   total 22784K, used 11197K [0x04e00000, 0x066b0000, 0x0a350000)
  eden space 20288K,  55% used [0x04e00000, 0x058ef5b0, 0x061d0000)
  from space 2496K,   0% used [0x06440000, 0x06440000, 0x066b0000)
  to   space 2496K,   0% used [0x061d0000, 0x061d0000, 0x06440000)
 tenured generation   total 50464K, used 30195K [0x0a350000, 0x0d498000, 0x14e00000)
   the space 50464K,  59% used [0x0a350000, 0x0c0cceb0, 0x0c0cd000, 0x0d498000)
 Metaspace       used 11457K, capacity 11826K, committed 11904K, reserved 12672K
Event: 2.484 GC heap after
Heap after GC invocations=22 (full 9):
 def new generation   total 22784K, used 2K [0x04e00000, 0x066b0000, 0x0a350000)
  eden space 20288K,   0% used [0x04e00000, 0x04e00000, 0x061d0000)
  from space 2496K,   0% used [0x061d0000, 0x061d0918, 0x06440000)
  to   space 2496K,   0% used [0x06440000, 0x06440000, 0x066b0000)
 tenured generation   total 50464K, used 40995K [0x0a350000, 0x0d498000, 0x14e00000)
   the space 50464K,  81% used [0x0a350000, 0x0cb58ec0, 0x0cb59000, 0x0d498000)
 Metaspace       used 11457K, capacity 11826K, committed 11904K, reserved 12672K
}
Event: 2.715 GC heap before
{Heap before GC invocations=22 (full 9):
 def new generation   total 22784K, used 17486K [0x04e00000, 0x066b0000, 0x0a350000)
  eden space 20288K,  86% used [0x04e00000, 0x05f131a8, 0x061d0000)
  from space 2496K,   0% used [0x061d0000, 0x061d0918, 0x06440000)
  to   space 2496K,   0% used [0x06440000, 0x06440000, 0x066b0000)
 tenured generation   total 50464K, used 40995K [0x0a350000, 0x0d498000, 0x14e00000)
   the space 50464K,  81% used [0x0a350000, 0x0cb58ec0, 0x0cb59000, 0x0d498000)
 Metaspace       used 11458K, capacity 11828K, committed 11904K, reserved 12672K
Event: 2.716 GC heap after
Heap after GC invocations=23 (full 9):
 def new generation   total 22784K, used 94K [0x04e00000, 0x066b0000, 0x0a350000)
  eden space 20288K,   0% used [0x04e00000, 0x04e00000, 0x061d0000)
  from space 2496K,   3% used [0x06440000, 0x06457910, 0x066b0000)
  to   space 2496K,   0% used [0x061d0000, 0x061d0000, 0x06440000)
 tenured generation   total 50464K, used 43695K [0x0a350000, 0x0d498000, 0x14e00000)
   the space 50464K,  86% used [0x0a350000, 0x0cdfbed0, 0x0cdfc000, 0x0d498000)
 Metaspace       used 11458K, capacity 11828K, committed 11904K, reserved 12672K
}
Event: 3.253 GC heap before
{Heap before GC invocations=23 (full 9):
 def new generation   total 22784K, used 17066K [0x04e00000, 0x066b0000, 0x0a350000)
  eden space 20288K,  83% used [0x04e00000, 0x05e92f28, 0x061d0000)
  from space 2496K,   3% used [0x06440000, 0x06457910, 0x066b0000)
  to   space 2496K,   0% used [0x061d0000, 0x061d0000, 0x06440000)
 tenured generation   total 50464K, used 43695K [0x0a350000, 0x0d498000, 0x14e00000)
   the space 50464K,  86% used [0x0a350000, 0x0cdfbed0, 0x0cdfc000, 0x0d498000)
 Metaspace       used 11764K, capacity 12144K, committed 12160K, reserved 12672K
Event: 3.255 GC heap after
Heap after GC invocations=24 (full 9):
 def new generation   total 22784K, used 311K [0x04e00000, 0x066b0000, 0x0a350000)
  eden space 20288K,   0% used [0x04e00000, 0x04e00000, 0x061d0000)
  from space 2496K,  12% used [0x061d0000, 0x0621dce0, 0x06440000)
  to   space 2496K,   0% used [0x06440000, 0x06440000, 0x066b0000)
 tenured generation   total 50464K, used 47295K [0x0a350000, 0x0d498000, 0x14e00000)
   the space 50464K,  93% used [0x0a350000, 0x0d17fee0, 0x0d180000, 0x0d498000)
 Metaspace       used 11764K, capacity 12144K, committed 12160K, reserved 12672K
}
Event: 10.069 GC heap before
{Heap before GC invocations=24 (full 9):
 def new generation   total 22784K, used 16882K [0x04e00000, 0x066b0000, 0x0a350000)
  eden space 20288K,  81% used [0x04e00000, 0x05e2edf0, 0x061d0000)
  from space 2496K,  12% used [0x061d0000, 0x0621dce0, 0x06440000)
  to   space 2496K,   0% used [0x06440000, 0x06440000, 0x066b0000)
 tenured generation   total 50464K, used 47295K [0x0a350000, 0x0d498000, 0x14e00000)
   the space 50464K,  93% used [0x0a350000, 0x0d17fee0, 0x0d180000, 0x0d498000)
 Metaspace       used 12740K, capacity 13143K, committed 13184K, reserved 13696K
Event: 10.088 GC heap after
Heap after GC invocations=25 (full 10):
 def new generation   total 32704K, used 0K [0x04e00000, 0x07170000, 0x0a350000)
  eden space 29120K,   0% used [0x04e00000, 0x04e00000, 0x06a70000)
  from space 3584K,   0% used [0x06a70000, 0x06a70000, 0x06df0000)
  to   space 3584K,   0% used [0x06df0000, 0x06df0000, 0x07170000)
 tenured generation   total 72460K, used 43474K [0x0a350000, 0x0ea13000, 0x14e00000)
   the space 72460K,  59% used [0x0a350000, 0x0cdc4818, 0x0cdc4a00, 0x0ea13000)
 Metaspace       used 12740K, capacity 13143K, committed 13184K, reserved 13696K
}

