# JRE version: Java(TM) SE Runtime Environment (8.0_111-b14) (build 1.8.0_111-b14)
# Java VM: Java HotSpot(TM) Client VM (25.111-b14 mixed mode windows-x86 )
Heap:
 def new generation   total 32704K, used 27682K [0x05200000, 0x07570000, 0x0a750000)
  eden space 29120K,  95% used [0x05200000, 0x06d08bf0, 0x06e70000)
  from space 3584K,   0% used [0x06e70000, 0x06e70000, 0x071f0000)
  to   space 3584K,   0% used [0x071f0000, 0x071f0000, 0x07570000)
 tenured generation   total 72460K, used 43474K [0x0a750000, 0x0ee13000, 0x15200000)
   the space 72460K,  59% used [0x0a750000, 0x0d1c4ba0, 0x0d1c4c00, 0x0ee13000)
 Metaspace       used 12755K, capacity 13179K, committed 13184K, reserved 13696K
GC Heap History (10 events):
Event: 2.153 GC heap before
{Heap before GC invocations=20 (full 8):
 def new generation   total 22784K, used 11210K [0x05200000, 0x06ab0000, 0x0a750000)
  eden space 20288K,  55% used [0x05200000, 0x05cf02e0, 0x065d0000)
  from space 2496K,   0% used [0x065d0000, 0x065d25a8, 0x06840000)
  to   space 2496K,   0% used [0x06840000, 0x06840000, 0x06ab0000)
 tenured generation   total 50464K, used 41077K [0x0a750000, 0x0d898000, 0x15200000)
   the space 50464K,  81% used [0x0a750000, 0x0cf6d7f8, 0x0cf6d800, 0x0d898000)
 Metaspace       used 11456K, capacity 11826K, committed 11904K, reserved 12672K
Event: 2.166 GC heap after
Heap after GC invocations=21 (full 9):
 def new generation   total 22784K, used 0K [0x05200000, 0x06ab0000, 0x0a750000)
  eden space 20288K,   0% used [0x05200000, 0x05200000, 0x065d0000)
  from space 2496K,   0% used [0x06840000, 0x06840000, 0x06ab0000)
  to   space 2496K,   0% used [0x065d0000, 0x065d0000, 0x06840000)
 tenured generation   total 50464K, used 30195K [0x0a750000, 0x0d898000, 0x15200000)
   the space 50464K,  59% used [0x0a750000, 0x0c4ccf70, 0x0c4cd000, 0x0d898000)
 Metaspace       used 11456K, capacity 11826K, committed 11904K, reserved 12672K
}
Event: 2.174 GC heap before
{Heap before GC invocations=21 (full 9):
 def new generation   total 22784K, used 11197K [0x05200000, 0x06ab0000, 0x0a750000)
  eden space 20288K,  55% used [0x05200000, 0x05cef5b0, 0x065d0000)
  from space 2496K,   0% used [0x06840000, 0x06840000, 0x06ab0000)
  to   space 2496K,   0% used [0x065d0000, 0x065d0000, 0x06840000)
 tenured generation   total 50464K, used 30195K [0x0a750000, 0x0d898000, 0x15200000)
   the space 50464K,  59% used [0x0a750000, 0x0c4ccf70, 0x0c4cd000, 0x0d898000)
 Metaspace       used 11456K, capacity 11826K, committed 11904K, reserved 12672K
Event: 2.176 GC heap after
Heap after GC invocations=22 (full 9):
 def new generation   total 22784K, used 2K [0x05200000, 0x06ab0000, 0x0a750000)
  eden space 20288K,   0% used [0x05200000, 0x05200000, 0x065d0000)
  from space 2496K,   0% used [0x065d0000, 0x065d0918, 0x06840000)
  to   space 2496K,   0% used [0x06840000, 0x06840000, 0x06ab0000)
 tenured generation   total 50464K, used 40995K [0x0a750000, 0x0d898000, 0x15200000)
   the space 50464K,  81% used [0x0a750000, 0x0cf58f80, 0x0cf59000, 0x0d898000)
 Metaspace       used 11456K, capacity 11826K, committed 11904K, reserved 12672K
}
Event: 2.425 GC heap before
{Heap before GC invocations=22 (full 9):
 def new generation   total 22784K, used 17486K [0x05200000, 0x06ab0000, 0x0a750000)
  eden space 20288K,  86% used [0x05200000, 0x063131a8, 0x065d0000)
  from space 2496K,   0% used [0x065d0000, 0x065d0918, 0x06840000)
  to   space 2496K,   0% used [0x06840000, 0x06840000, 0x06ab0000)
 tenured generation   total 50464K, used 40995K [0x0a750000, 0x0d898000, 0x15200000)
   the space 50464K,  81% used [0x0a750000, 0x0cf58f80, 0x0cf59000, 0x0d898000)
 Metaspace       used 11458K, capacity 11828K, committed 11904K, reserved 12672K
Event: 2.426 GC heap after
Heap after GC invocations=23 (full 9):
 def new generation   total 22784K, used 94K [0x05200000, 0x06ab0000, 0x0a750000)
  eden space 20288K,   0% used [0x05200000, 0x05200000, 0x065d0000)
  from space 2496K,   3% used [0x06840000, 0x06857910, 0x06ab0000)
  to   space 2496K,   0% used [0x065d0000, 0x065d0000, 0x06840000)
 tenured generation   total 50464K, used 43695K [0x0a750000, 0x0d898000, 0x15200000)
   the space 50464K,  86% used [0x0a750000, 0x0d1fbf90, 0x0d1fc000, 0x0d898000)
 Metaspace       used 11458K, capacity 11828K, committed 11904K, reserved 12672K
}
Event: 2.997 GC heap before
{Heap before GC invocations=23 (full 9):
 def new generation   total 22784K, used 17066K [0x05200000, 0x06ab0000, 0x0a750000)
  eden space 20288K,  83% used [0x05200000, 0x06292f48, 0x065d0000)
  from space 2496K,   3% used [0x06840000, 0x06857910, 0x06ab0000)
  to   space 2496K,   0% used [0x065d0000, 0x065d0000, 0x06840000)
 tenured generation   total 50464K, used 43695K [0x0a750000, 0x0d898000, 0x15200000)
   the space 50464K,  86% used [0x0a750000, 0x0d1fbf90, 0x0d1fc000, 0x0d898000)
 Metaspace       used 11763K, capacity 12144K, committed 12160K, reserved 12672K
Event: 2.999 GC heap after
Heap after GC invocations=24 (full 9):
 def new generation   total 22784K, used 311K [0x05200000, 0x06ab0000, 0x0a750000)
  eden space 20288K,   0% used [0x05200000, 0x05200000, 0x065d0000)
  from space 2496K,  12% used [0x065d0000, 0x0661dcc0, 0x06840000)
  to   space 2496K,   0% used [0x06840000, 0x06840000, 0x06ab0000)
 tenured generation   total 50464K, used 47295K [0x0a750000, 0x0d898000, 0x15200000)
   the space 50464K,  93% used [0x0a750000, 0x0d57ffa0, 0x0d580000, 0x0d898000)
 Metaspace       used 11763K, capacity 12144K, committed 12160K, reserved 12672K
}
Event: 22.891 GC heap before
{Heap before GC invocations=24 (full 9):
 def new generation   total 22784K, used 17540K [0x05200000, 0x06ab0000, 0x0a750000)
  eden space 20288K,  84% used [0x05200000, 0x062d3460, 0x065d0000)
  from space 2496K,  12% used [0x065d0000, 0x0661dcc0, 0x06840000)
  to   space 2496K,   0% used [0x06840000, 0x06840000, 0x06ab0000)
 tenured generation   total 50464K, used 47295K [0x0a750000, 0x0d898000, 0x15200000)
   the space 50464K,  93% used [0x0a750000, 0x0d57ffa0, 0x0d580000, 0x0d898000)
 Metaspace       used 12737K, capacity 13143K, committed 13184K, reserved 13696K
Event: 22.908 GC heap after
Heap after GC invocations=25 (full 10):
 def new generation   total 32704K, used 0K [0x05200000, 0x07570000, 0x0a750000)
  eden space 29120K,   0% used [0x05200000, 0x05200000, 0x06e70000)
  from space 3584K,   0% used [0x06e70000, 0x06e70000, 0x071f0000)
  to   space 3584K,   0% used [0x071f0000, 0x071f0000, 0x07570000)
 tenured generation   total 72460K, used 43474K [0x0a750000, 0x0ee13000, 0x15200000)
   the space 72460K,  59% used [0x0a750000, 0x0d1c4ba0, 0x0d1c4c00, 0x0ee13000)
 Metaspace       used 12737K, capacity 13143K, committed 13184K, reserved 13696K
}

